<?xml version="1.0" encoding="UTF-8"?>
<!-- Generated by org.testng.reporters.JUnitReportReporter -->
<testsuite hostname="DESKTOP-644HN6S" failures="0" tests="1" name="TestCases.TC_001_login_Functionality" time="2.276" errors="0" timestamp="2024-09-03T20:50:34 IST" skipped="0">
  <testcase classname="TestCases.TC_001_login_Functionality" name="Test_Loginfuncationality" time="2.276"/>
</testsuite> <!-- TestCases.TC_001_login_Functionality -->
